# JRE version: OpenJDK Runtime Environment Temurin-17.0.16+8 (17.0.16+8) (build 17.0.16+8)
# Java VM: OpenJDK 64-Bit Server VM Temurin-17.0.16+8 (17.0.16+8, mixed mode, emulated-client, sharing, tiered, compressed oops, compressed class ptrs, g1 gc, windows-amd64)
GC Precious Log:
 CPUs: 8 total, 8 available
 Memory: 5877M
 Large Page Support: Disabled
 NUMA Support: Disabled
 Compressed Oops: Enabled (32-bit)
 Heap Region Size: 1M
 Heap Min Capacity: 8M
 Heap Initial Capacity: 92M
 Heap Max Capacity: 1470M
 Pre-touch: Disabled
 Parallel Workers: 8
 Concurrent Workers: 2
 Concurrent Refinement Workers: 8
 Periodic GC: Disabled
Heap:
 garbage-first heap   total 70656K, used 28347K [0x00000000a4200000, 0x0000000100000000)
  region size 1024K, 1 young (1024K), 1 survivors (1024K)
 Metaspace       used 51810K, committed 52480K, reserved 1114112K
  class space    used 7594K, committed 7872K, reserved 1048576K
GC Heap History (20 events):
Event: 6.187 GC heap after
{Heap after GC invocations=8 (full 0):
 garbage-first heap   total 48128K, used 18400K [0x00000000a4200000, 0x0000000100000000)
  region size 1024K, 2 young (2048K), 2 survivors (2048K)
 Metaspace       used 33589K, committed 34048K, reserved 1114112K
  class space    used 4915K, committed 5120K, reserved 1048576K
}
Event: 6.539 GC heap before
{Heap before GC invocations=8 (full 0):
 garbage-first heap   total 48128K, used 33760K [0x00000000a4200000, 0x0000000100000000)
  region size 1024K, 18 young (18432K), 2 survivors (2048K)
 Metaspace       used 35701K, committed 36096K, reserved 1114112K
  class space    used 5218K, committed 5440K, reserved 1048576K
}
Event: 6.547 GC heap after
{Heap after GC invocations=9 (full 0):
 garbage-first heap   total 58368K, used 20186K [0x00000000a4200000, 0x0000000100000000)
  region size 1024K, 2 young (2048K), 2 survivors (2048K)
 Metaspace       used 35701K, committed 36096K, reserved 1114112K
  class space    used 5218K, committed 5440K, reserved 1048576K
}
Event: 47.715 GC heap before
{Heap before GC invocations=10 (full 0):
 garbage-first heap   total 58368K, used 42714K [0x00000000a4200000, 0x0000000100000000)
  region size 1024K, 25 young (25600K), 2 survivors (2048K)
 Metaspace       used 40201K, committed 40640K, reserved 1114112K
  class space    used 5853K, committed 6080K, reserved 1048576K
}
Event: 47.777 GC heap after
{Heap after GC invocations=11 (full 0):
 garbage-first heap   total 58368K, used 22523K [0x00000000a4200000, 0x0000000100000000)
  region size 1024K, 4 young (4096K), 4 survivors (4096K)
 Metaspace       used 40201K, committed 40640K, reserved 1114112K
  class space    used 5853K, committed 6080K, reserved 1048576K
}
Event: 177.764 GC heap before
{Heap before GC invocations=11 (full 0):
 garbage-first heap   total 58368K, used 48123K [0x00000000a4200000, 0x0000000100000000)
  region size 1024K, 25 young (25600K), 4 survivors (4096K)
 Metaspace       used 47320K, committed 47872K, reserved 1114112K
  class space    used 6802K, committed 7040K, reserved 1048576K
}
Event: 177.879 GC heap after
{Heap after GC invocations=12 (full 0):
 garbage-first heap   total 58368K, used 30420K [0x00000000a4200000, 0x0000000100000000)
  region size 1024K, 3 young (3072K), 3 survivors (3072K)
 Metaspace       used 47320K, committed 47872K, reserved 1114112K
  class space    used 6802K, committed 7040K, reserved 1048576K
}
Event: 180.039 GC heap before
{Heap before GC invocations=12 (full 0):
 garbage-first heap   total 58368K, used 43732K [0x00000000a4200000, 0x0000000100000000)
  region size 1024K, 17 young (17408K), 3 survivors (3072K)
 Metaspace       used 50142K, committed 50688K, reserved 1114112K
  class space    used 7319K, committed 7616K, reserved 1048576K
}
Event: 180.048 GC heap after
{Heap after GC invocations=13 (full 0):
 garbage-first heap   total 58368K, used 31424K [0x00000000a4200000, 0x0000000100000000)
  region size 1024K, 1 young (1024K), 1 survivors (1024K)
 Metaspace       used 50142K, committed 50688K, reserved 1114112K
  class space    used 7319K, committed 7616K, reserved 1048576K
}
Event: 199.548 GC heap before
{Heap before GC invocations=14 (full 0):
 garbage-first heap   total 58368K, used 45760K [0x00000000a4200000, 0x0000000100000000)
  region size 1024K, 15 young (15360K), 1 survivors (1024K)
 Metaspace       used 51769K, committed 52416K, reserved 1114112K
  class space    used 7584K, committed 7872K, reserved 1048576K
}
Event: 199.552 GC heap after
{Heap after GC invocations=15 (full 0):
 garbage-first heap   total 58368K, used 32343K [0x00000000a4200000, 0x0000000100000000)
  region size 1024K, 2 young (2048K), 2 survivors (2048K)
 Metaspace       used 51769K, committed 52416K, reserved 1114112K
  class space    used 7584K, committed 7872K, reserved 1048576K
}
Event: 199.607 GC heap before
{Heap before GC invocations=15 (full 0):
 garbage-first heap   total 58368K, used 33367K [0x00000000a4200000, 0x0000000100000000)
  region size 1024K, 3 young (3072K), 2 survivors (2048K)
 Metaspace       used 51771K, committed 52416K, reserved 1114112K
  class space    used 7584K, committed 7872K, reserved 1048576K
}
Event: 199.615 GC heap after
{Heap after GC invocations=16 (full 0):
 garbage-first heap   total 58368K, used 29487K [0x00000000a4200000, 0x0000000100000000)
  region size 1024K, 1 young (1024K), 1 survivors (1024K)
 Metaspace       used 51771K, committed 52416K, reserved 1114112K
  class space    used 7584K, committed 7872K, reserved 1048576K
}
Event: 200.692 GC heap before
{Heap before GC invocations=16 (full 0):
 garbage-first heap   total 58368K, used 45871K [0x00000000a4200000, 0x0000000100000000)
  region size 1024K, 17 young (17408K), 1 survivors (1024K)
 Metaspace       used 51818K, committed 52480K, reserved 1114112K
  class space    used 7595K, committed 7872K, reserved 1048576K
}
Event: 200.694 GC heap after
{Heap after GC invocations=17 (full 0):
 garbage-first heap   total 58368K, used 29315K [0x00000000a4200000, 0x0000000100000000)
  region size 1024K, 1 young (1024K), 1 survivors (1024K)
 Metaspace       used 51818K, committed 52480K, reserved 1114112K
  class space    used 7595K, committed 7872K, reserved 1048576K
}
Event: 201.801 GC heap before
{Heap before GC invocations=18 (full 0):
 garbage-first heap   total 58368K, used 46723K [0x00000000a4200000, 0x0000000100000000)
  region size 1024K, 18 young (18432K), 1 survivors (1024K)
 Metaspace       used 51805K, committed 52480K, reserved 1114112K
  class space    used 7593K, committed 7872K, reserved 1048576K
}
Event: 201.803 GC heap after
{Heap after GC invocations=19 (full 0):
 garbage-first heap   total 58368K, used 29325K [0x00000000a4200000, 0x0000000100000000)
  region size 1024K, 1 young (1024K), 1 survivors (1024K)
 Metaspace       used 51805K, committed 52480K, reserved 1114112K
  class space    used 7593K, committed 7872K, reserved 1048576K
}
Event: 201.837 GC heap before
{Heap before GC invocations=19 (full 0):
 garbage-first heap   total 58368K, used 30349K [0x00000000a4200000, 0x0000000100000000)
  region size 1024K, 2 young (2048K), 1 survivors (1024K)
 Metaspace       used 51805K, committed 52480K, reserved 1114112K
  class space    used 7593K, committed 7872K, reserved 1048576K
}
Event: 201.841 GC heap after
{Heap after GC invocations=20 (full 0):
 garbage-first heap   total 58368K, used 28298K [0x00000000a4200000, 0x0000000100000000)
  region size 1024K, 1 young (1024K), 1 survivors (1024K)
 Metaspace       used 51805K, committed 52480K, reserved 1114112K
  class space    used 7593K, committed 7872K, reserved 1048576K
}
Event: 203.546 GC heap before
{Heap before GC invocations=20 (full 0):
 garbage-first heap   total 58368K, used 46730K [0x00000000a4200000, 0x0000000100000000)
  region size 1024K, 19 young (19456K), 1 survivors (1024K)
 Metaspace       used 51810K, committed 52480K, reserved 1114112K
  class space    used 7594K, committed 7872K, reserved 1048576K
}

