<?xml version="1.0" encoding="UTF-8"?>
<testsuite xmlns:xsi="http://www.w3.org/2001/XMLSchema-instance" xsi:noNamespaceSchemaLocation="https://maven.apache.org/surefire/maven-surefire-plugin/xsd/surefire-test-report-3.0.xsd" version="3.0" name="pe.edu.vallegrande.configurationservice.infrastructure.config.SecurityConfigTest" time="14.416" tests="2" errors="0" skipped="0" failures="0">
  <properties>
[...]
</properties>
  <testcase name="shouldRequireAuthenticationForCreatingMunicipalities" classname="pe.edu.vallegrande.configurationservice.infrastructure.config.SecurityConfigTest" time="0.602">
    <system-out><![CDATA[11:46:42.152 [main] INFO org.springframework.test.context.support.AnnotationConfigContextLoaderUtils -- Could not detect default configuration classes for test class [pe.edu.vallegrande.configurationservice.infrastructure.config.SecurityConfigTest]: SecurityConfigTest does not declare any static, non-private, non-final, nested classes annotated with @Configuration.
11:46:42.645 [main] INFO org.springframework.boot.test.context.SpringBootTestContextBootstrapper -- Found @SpringBootConfiguration pe.edu.vallegrande.configurationservice.configurationservice for test class pe.edu.vallegrande.configurationservice.infrastructure.config.SecurityConfigTest

  .   ____          _            __ _ _
 /\\ / ___'_ __ _ _(_)_ __  __ _ \ \ \ \
( ( )\___ | '_ | '_| | '_ \/ _` | \ \ \ \
 \\/  ___)| |_)| | | | | || (_| |  ) ) ) )
  '  |____| .__|_| |_|_| |_\__, | / / / /
 =========|_|==============|___/=/_/_/_/
 :: Spring Boot ::                (v3.1.5)

2026-03-13T11:46:44.604-05:00  INFO 14616 --- [           main] p.e.v.c.i.config.SecurityConfigTest      : Starting SecurityConfigTest using Java 17.0.15 with PID 14616 (started by Williams in c:\Users\Williams\Documents\Williams-2026\PRS\PRS-BACKEND\vg-ms-tenantmanagmentservice)
2026-03-13T11:46:44.613-05:00  INFO 14616 --- [           main] p.e.v.c.i.config.SecurityConfigTest      : No active profile set, falling back to 1 default profile: "default"
2026-03-13T11:46:55.077-05:00  INFO 14616 --- [           main] p.e.v.c.i.config.SecurityConfigTest      : Started SecurityConfigTest in 12.181 seconds (process running for 15.43)
]]></system-out>
  </testcase>
  <testcase name="shouldAllowListingMunicipalitiesWithoutAuthentication" classname="pe.edu.vallegrande.configurationservice.infrastructure.config.SecurityConfigTest" time="0.351"/>
</testsuite>